[2024-02-22 14:40:11] development.ERROR: During inheritance of ArrayAccess: Uncaught ErrorException: Return type of Illuminate\Support\Collection::offsetExists($key) should either be compatible with ArrayAccess::offsetExists(mixed $offset): bool, or the #[\ReturnTypeWillChange] attribute should be used to temporarily suppress the notice in /Users/balogun/Desktop/untitled folder 2/SchoolApp/vendor/laravel/framework/src/Illuminate/Support/Collection.php:1349
Stack trace:
#0 /Users/balogun/Desktop/untitled folder 2/SchoolApp/vendor/laravel/framework/src/Illuminate/Support/Collection.php(11): Illuminate\Foundation\Bootstrap\HandleExceptions->handleError(8192, 'Return type of ...', '/Users/balogun/...', 1349)
#1 /Users/balogun/Desktop/untitled folder 2/SchoolApp/vendor/composer/ClassLoader.php(444): include('/Users/balogun/...')
#2 /Users/balogun/Desktop/untitled folder 2/SchoolApp/vendor/composer/ClassLoader.php(322): Composer\Autoload\includeFile('/Users/balogun/...')
#3 /Users/balogun/Desktop/untitled folder 2/SchoolApp/vendor/laravel/framework/src/Illuminate/Support/helpers.php(110): Composer\Autoload\ClassLoader->loadClass('Illuminate\\Supp...')
#4 /Users/balogun/Desktop/untitled folder 2/SchoolApp/vendor/laravel/framework/src/Illuminate/Foundation/PackageManifest.php(130): collect(Array)
#5 /Users/balogun/Desktop/untitled folder 2/SchoolApp/vendor/laravel/framework/src/Illuminate/Foundation/PackageManifest.php(106): Illuminate\Foundation\PackageManifest->build()
#6 /Users/balogun/Desktop/untitled folder 2/SchoolApp/vendor/laravel/framework/src/Illuminate/Foundation/PackageManifest.php(89): Illuminate\Foundation\PackageManifest->getManifest()
#7 /Users/balogun/Desktop/untitled folder 2/SchoolApp/vendor/laravel/framework/src/Illuminate/Foundation/PackageManifest.php(78): Illuminate\Foundation\PackageManifest->config('aliases')
#8 /Users/balogun/Desktop/untitled folder 2/SchoolApp/vendor/laravel/framework/src/Illuminate/Foundation/Bootstrap/RegisterFacades.php(26): Illuminate\Foundation\PackageManifest->aliases()
#9 /Users/balogun/Desktop/untitled folder 2/SchoolApp/vendor/laravel/framework/src/Illuminate/Foundation/Application.php(230): Illuminate\Foundation\Bootstrap\RegisterFacades->bootstrap(Object(Illuminate\Foundation\Application))
#10 /Users/balogun/Desktop/untitled folder 2/SchoolApp/vendor/laravel/framework/src/Illuminate/Foundation/Console/Kernel.php(310): Illuminate\Foundation\Application->bootstrapWith(Array)
#11 /Users/balogun/Desktop/untitled folder 2/SchoolApp/vendor/laravel/framework/src/Illuminate/Foundation/Console/Kernel.php(127): Illuminate\Foundation\Console\Kernel->bootstrap()
#12 Command line code(1): Illuminate\Foundation\Console\Kernel->handle(Object(Symfony\Component\Console\Input\ArgvInput), Object(Symfony\Component\Console\Output\ConsoleOutput))
#13 {main} {"exception":"[object] (Symfony\\Component\\ErrorHandler\\Error\\FatalError(code: 0): During inheritance of ArrayAccess: Uncaught ErrorException: Return type of Illuminate\\Support\\Collection::offsetExists($key) should either be compatible with ArrayAccess::offsetExists(mixed $offset): bool, or the #[\\ReturnTypeWillChange] attribute should be used to temporarily suppress the notice in /Users/balogun/Desktop/untitled folder 2/SchoolApp/vendor/laravel/framework/src/Illuminate/Support/Collection.php:1349
Stack trace:
#0 /Users/balogun/Desktop/untitled folder 2/SchoolApp/vendor/laravel/framework/src/Illuminate/Support/Collection.php(11): Illuminate\\Foundation\\Bootstrap\\HandleExceptions->handleError(8192, 'Return type of ...', '/Users/balogun/...', 1349)
#1 /Users/balogun/Desktop/untitled folder 2/SchoolApp/vendor/composer/ClassLoader.php(444): include('/Users/balogun/...')
#2 /Users/balogun/Desktop/untitled folder 2/SchoolApp/vendor/composer/ClassLoader.php(322): Composer\\Autoload\\includeFile('/Users/balogun/...')
#3 /Users/balogun/Desktop/untitled folder 2/SchoolApp/vendor/laravel/framework/src/Illuminate/Support/helpers.php(110): Composer\\Autoload\\ClassLoader->loadClass('Illuminate\\\\Supp...')
#4 /Users/balogun/Desktop/untitled folder 2/SchoolApp/vendor/laravel/framework/src/Illuminate/Foundation/PackageManifest.php(130): collect(Array)
#5 /Users/balogun/Desktop/untitled folder 2/SchoolApp/vendor/laravel/framework/src/Illuminate/Foundation/PackageManifest.php(106): Illuminate\\Foundation\\PackageManifest->build()
#6 /Users/balogun/Desktop/untitled folder 2/SchoolApp/vendor/laravel/framework/src/Illuminate/Foundation/PackageManifest.php(89): Illuminate\\Foundation\\PackageManifest->getManifest()
#7 /Users/balogun/Desktop/untitled folder 2/SchoolApp/vendor/laravel/framework/src/Illuminate/Foundation/PackageManifest.php(78): Illuminate\\Foundation\\PackageManifest->config('aliases')
#8 /Users/balogun/Desktop/untitled folder 2/SchoolApp/vendor/laravel/framework/src/Illuminate/Foundation/Bootstrap/RegisterFacades.php(26): Illuminate\\Foundation\\PackageManifest->aliases()
#9 /Users/balogun/Desktop/untitled folder 2/SchoolApp/vendor/laravel/framework/src/Illuminate/Foundation/Application.php(230): Illuminate\\Foundation\\Bootstrap\\RegisterFacades->bootstrap(Object(Illuminate\\Foundation\\Application))
#10 /Users/balogun/Desktop/untitled folder 2/SchoolApp/vendor/laravel/framework/src/Illuminate/Foundation/Console/Kernel.php(310): Illuminate\\Foundation\\Application->bootstrapWith(Array)
#11 /Users/balogun/Desktop/untitled folder 2/SchoolApp/vendor/laravel/framework/src/Illuminate/Foundation/Console/Kernel.php(127): Illuminate\\Foundation\\Console\\Kernel->bootstrap()
#12 Command line code(1): Illuminate\\Foundation\\Console\\Kernel->handle(Object(Symfony\\Component\\Console\\Input\\ArgvInput), Object(Symfony\\Component\\Console\\Output\\ConsoleOutput))
#13 {main} at /Users/balogun/Desktop/untitled folder 2/SchoolApp/vendor/laravel/framework/src/Illuminate/Support/Collection.php:11)
[stacktrace]
#0 {main}
"} 
